........................................                                 [100%]
================================ tests coverage ================================
_______________ coverage: platform linux, python 3.12.13-final-0 _______________

Name                                                            Stmts   Miss  Cover   Missing
---------------------------------------------------------------------------------------------
src/saccade/__init__.py                                             0      0   100%
src/saccade/api/__init__.py                                         0      0   100%
src/saccade/api/server.py                                          64     64     0%   1-115
src/saccade/cognition/__init__.py                                   0      0   100%
src/saccade/cognition/orchestrator.py                             147    147     0%   1-264
src/saccade/media/__init__.py                                       0      0   100%
src/saccade/media/dali_pipeline.py                                 79     79     0%   1-166
src/saccade/media/ffmpeg_utils.py                                  52     52     0%   1-114
src/saccade/media/mediamtx_client.py                              252    252     0%   1-421
src/saccade/media/rtsp.py                                          53     53     0%   1-112
src/saccade/media/rtsp_dali_pipeline.py                            42     42     0%   1-101
src/saccade/perception/__init__.py                                  0      0   100%
src/saccade/perception/box_ops.py                                  86     86     0%   3-148
src/saccade/perception/calibrator.py                               45     45     0%   1-78
src/saccade/perception/cropper.py                                 104    104     0%   1-244
src/saccade/perception/detector_trt.py                            364    364     0%   1-764
src/saccade/perception/dispatcher.py                              363    363     0%   1-740
src/saccade/perception/drift_handler.py                            71     71     0%   1-157
src/saccade/perception/embedding_dispatcher.py                     96     96     0%   1-205
src/saccade/perception/entropy.py                                  77     77     0%   1-150
src/saccade/perception/eval/__init__.py                             0      0   100%
src/saccade/perception/eval/_decimal_hash_tools.py                103    103     0%   9-269
src/saccade/perception/eval/assoc_basis.py                         90     90     0%   28-429
src/saccade/perception/eval/cheb_gr_merge.py                      268    268     0%   30-568
src/saccade/perception/eval/cheb_gr_online.py                     359    359     0%   28-795
src/saccade/perception/eval/clean_fifo_bank.py                    287    287     0%   35-731
src/saccade/perception/eval/concurrent_detector.py                 93     93     0%   25-256
src/saccade/perception/eval/concurrent_evaluator.py               108    108     0%   23-295
src/saccade/perception/eval/config.py                             848    848     0%   1-1854
src/saccade/perception/eval/cpp_runner.py                         175    175     0%   10-511
src/saccade/perception/eval/d_online_stage2.py                    596     65    89%   115-116, 134, 136-137, 151-152, 161-163, 177, 182-183, 199, 202, 219, 254, 328-331, 334, 375-376, 392-393, 427, 439, 441, 475, 503, 505, 527-547, 592, 646, 654, 759, 812, 1036, 1069-1070, 1072-1073, 1095-1097, 1107-1108, 1111, 1173, 1182, 1191-1192, 1213, 1222-1225
src/saccade/perception/eval/d_online_stage2_q4.py                 485     23    95%   99-102, 111-112, 117, 120-121, 127-128, 164-165, 178-179, 271, 299, 332, 364, 368, 463, 900, 1013, 1026
src/saccade/perception/eval/d_online_stage2_q45_atlas.py          684    308    55%   125-126, 133-134, 137, 141, 156, 163, 166-167, 180, 194, 319, 323, 325, 339, 346, 358, 467, 555, 647-655, 710, 724, 726, 852-981, 1010, 1012, 1014, 1016, 1023, 1055-1064, 1109-1114, 1118-1126, 1128-1166, 1218, 1220, 1224, 1255, 1264, 1490-1511, 1528-1960, 1970-2052
src/saccade/perception/eval/decimal_hash.py                        54     54     0%   7-102
src/saccade/perception/eval/detection.py                          601    601     0%   2-1493
src/saccade/perception/eval/detection_filters.py                  428    428     0%   10-1179
src/saccade/perception/eval/evaluator.py                         1192   1192     0%   2-3269
src/saccade/perception/eval/external_fp_model.py                  569    569     0%   1-1162
src/saccade/perception/eval/external_fp_rows.py                   115    115     0%   1-221
src/saccade/perception/eval/frame_ledger.py                        19     19     0%   88-176
src/saccade/perception/eval/gmc.py                                401    401     0%   1-650
src/saccade/perception/eval/helpers.py                            342    342     0%   1-944
src/saccade/perception/eval/lifecycle.py                          139    139     0%   1-289
src/saccade/perception/eval/metrics.py                            240    240     0%   1-485
src/saccade/perception/eval/motion_model.py                       139    139     0%   24-262
src/saccade/perception/eval/motr_evaluator.py                       1      1     0%   7
src/saccade/perception/eval/motr_model.py                           1      1     0%   7
src/saccade/perception/eval/multi_birth.py                        119    119     0%   21-266
src/saccade/perception/eval/multi_stream.py                       118    118     0%   21-287
src/saccade/perception/eval/occ_audit.py                          396    396     0%   32-873
src/saccade/perception/eval/occ_audit_seq_conditioning.py         285    285     0%   18-599
src/saccade/perception/eval/output_bank.py                         50     50     0%   1-77
src/saccade/perception/eval/patch_concurrent.py                    83     83     0%   25-221
src/saccade/perception/eval/pipeline.py                           549    549     0%   11-1727
src/saccade/perception/eval/pool.py                               159    159     0%   1-341
src/saccade/perception/eval/portable_or_tail.py                   278    206    26%   121, 125, 129-133, 137-138, 142, 159-176, 185-189, 219-385, 402-408, 419, 436-466, 481-483, 497, 545-592, 620-625, 629-630, 644-670, 681-693, 706-724
src/saccade/perception/eval/post_merge.py                         243    243     0%   1-447
src/saccade/perception/eval/preprocess.py                          56     56     0%   1-98
src/saccade/perception/eval/quality.py                             38     38     0%   1-84
src/saccade/perception/eval/relink.py                            1339   1339     0%   1-2543
src/saccade/perception/eval/reporting.py                          329    329     0%   1-794
src/saccade/perception/eval/runner.py                              12     12     0%   3-23
src/saccade/perception/eval/scene_adapt.py                         60     60     0%   12-143
src/saccade/perception/eval/signal_tables.py                      824    824     0%   21-1864
src/saccade/perception/eval/stages.py                            1257   1257     0%   9-3329
src/saccade/perception/eval/streaming.py                          136    136     0%   1-216
src/saccade/perception/eval/streaming_handover.py                 357    357     0%   40-736
src/saccade/perception/eval/tracking.py                            17     17     0%   1-23
src/saccade/perception/eval/types.py                               79     79     0%   1-97
src/saccade/perception/eval/utils.py                              109    109     0%   1-243
src/saccade/perception/feature_bank.py                             95     95     0%   1-176
src/saccade/perception/feature_extractor.py                       174    174     0%   1-377
src/saccade/perception/multistream_mamba_server.py                195    195     0%   30-458
src/saccade/perception/online_telemetry.py                        104    104     0%   1-156
src/saccade/perception/reid/__init__.py                             2      2     0%   3-9
src/saccade/perception/reid/cheb_gr.py                            209    209     0%   21-453
src/saccade/perception/roi_selector.py                             29     29     0%   1-67
src/saccade/perception/temporal_yolo/__init__.py                    6      6     0%   12-39
src/saccade/perception/temporal_yolo/box_utils.py                  31     31     0%   11-76
src/saccade/perception/temporal_yolo/data_pipeline.py              91     91     0%   20-226
src/saccade/perception/temporal_yolo/dataset.py                   327    327     0%   16-689
src/saccade/perception/temporal_yolo/dataset_joint.py              20     20     0%   15-87
src/saccade/perception/temporal_yolo/evaluator.py                  73     73     0%   10-185
src/saccade/perception/temporal_yolo/loss.py                      171    171     0%   14-379
src/saccade/perception/temporal_yolo/mamba_gated_detector.py      813    813     0%   15-1636
src/saccade/perception/temporal_yolo/mamba_head.py                924    924     0%   12-2124
src/saccade/perception/temporal_yolo/model.py                     173    173     0%   21-426
src/saccade/perception/temporal_yolo/ngla_assigner.py              38     38     0%   7-90
src/saccade/perception/temporal_yolo/reid_conv_head.py             20     20     0%   16-56
src/saccade/perception/temporal_yolo/reid_head.py                  41     41     0%   8-106
src/saccade/perception/temporal_yolo/roi_embedder.py               89     89     0%   15-215
src/saccade/perception/temporal_yolo/teacher_head_detector.py     134    134     0%   24-321
src/saccade/perception/temporal_yolo/temporal_fusion.py           109    109     0%   22-225
src/saccade/perception/temporal_yolo/train_config.py               70     70     0%   16-137
src/saccade/perception/temporal_yolo/training_utils.py            101    101     0%   12-195
src/saccade/perception/temporal_yolo/yolo_conditioned.py          358    358     0%   25-845
src/saccade/perception/temporal_yolo/yolo_gated_detector.py       175    175     0%   16-351
src/saccade/perception/temporal_yolo/yolo_joint.py                150    150     0%   20-376
src/saccade/perception/text_encoder.py                             20     20     0%   1-39
src/saccade/perception/tracking/__init__.py                         3      3     0%   1-4
src/saccade/perception/tracking/dynamic_reid.py                   246    246     0%   1-444
src/saccade/perception/tracking/fpn_reid.py                        77     77     0%   16-148
src/saccade/perception/tracking/fpn_reid_cuda.py                   42     42     0%   8-103
src/saccade/perception/tracking/reorder.py                         30     30     0%   1-56
src/saccade/perception/tracking/tracker_gpu.py                    658    658     0%   1-1594
src/saccade/perception/workbench.py                               206    206     0%   1-592
src/saccade/perception/zero_copy.py                               127    127     0%   1-218
src/saccade/pipeline/__init__.py                                    0      0   100%
src/saccade/pipeline/health.py                                    131    131     0%   7-234
src/saccade/resource/__init__.py                                    0      0   100%
src/saccade/resource/frame_selector.py                              0      0   100%
src/saccade/resource/resource_manager.py                          115    115     0%   1-184
src/saccade/storage/__init__.py                                     0      0   100%
src/saccade/storage/chroma_store.py                                55     55     0%   1-117
src/saccade/storage/redis_cache.py                                146    146     0%   1-244
---------------------------------------------------------------------------------------------
TOTAL                                                           23703  22262     6%
40 passed in 5.96s
